<?xml version="1.0" encoding="UTF-8" ?>
<testsuite errors="0" failures="0" hostname="Prakash-PC" name="com.example.simple.SimpleTest" skipped="0" tests="4" time="0.041" timestamp="2016-03-23T17:27:24">
  <properties>
[...]
</properties>
  <testcase classname="com.example.simple.SimpleTest" name="testSum" time="0.01" />
  <testcase classname="com.example.simple.SimpleTest" name="testF" time="0.005" />
  <testcase classname="com.example.simple.SimpleTest" name="testSquare" time="0.001" />
  <testcase classname="com.example.simple.SimpleTest" name="testUpdate" time="0.001" />
  <system-out><![CDATA[22:57:23,695 |-INFO in ch.qos.logback.classic.LoggerContext[default] - Could NOT find resource [logback.groovy]
22:57:23,696 |-INFO in ch.qos.logback.classic.LoggerContext[default] - Could NOT find resource [logback-test.xml]
22:57:23,696 |-INFO in ch.qos.logback.classic.LoggerContext[default] - Found resource [logback.xml] at [jar:file:/D:/cobertura-2.1.1/cobertura-2.1.1-sources.jar!/logback.xml]
22:57:23,698 |-WARN in ch.qos.logback.classic.LoggerContext[default] - Resource [logback.xml] occurs multiple times on the classpath.
22:57:23,699 |-WARN in ch.qos.logback.classic.LoggerContext[default] - Resource [logback.xml] occurs at [jar:file:/D:/cobertura-2.1.1/cobertura-2.1.1.jar!/logback.xml]
22:57:23,699 |-WARN in ch.qos.logback.classic.LoggerContext[default] - Resource [logback.xml] occurs at [jar:file:/D:/cobertura-2.1.1/cobertura-2.1.1-sources.jar!/logback.xml]
22:57:23,734 |-INFO in ch.qos.logback.core.joran.spi.ConfigurationWatchList@3f0ee7cb - URL [jar:file:/D:/cobertura-2.1.1/cobertura-2.1.1-sources.jar!/logback.xml] is not of type file
22:57:23,834 |-INFO in ch.qos.logback.classic.joran.action.ConfigurationAction - debug attribute not set
22:57:23,861 |-INFO in ch.qos.logback.core.joran.action.AppenderAction - About to instantiate appender of type [ch.qos.logback.core.ConsoleAppender]
22:57:23,879 |-INFO in ch.qos.logback.core.joran.action.AppenderAction - Naming appender as [STDOUT]
22:57:23,923 |-INFO in ch.qos.logback.core.joran.action.NestedComplexPropertyIA - Assuming default type [ch.qos.logback.classic.encoder.PatternLayoutEncoder] for [encoder] property
22:57:24,010 |-INFO in ch.qos.logback.classic.joran.action.LoggerAction - Setting level of logger [net.sourceforge.cobertura] to INFO
22:57:24,010 |-INFO in ch.qos.logback.classic.joran.action.RootLoggerAction - Setting level of ROOT logger to DEBUG
22:57:24,010 |-INFO in ch.qos.logback.core.joran.action.AppenderRefAction - Attaching appender named [STDOUT] to Logger[ROOT]
22:57:24,011 |-INFO in ch.qos.logback.classic.joran.action.ConfigurationAction - End of configuration.
22:57:24,014 |-INFO in ch.qos.logback.classic.joran.JoranConfigurator@75bd9247 - Registering current configuration as safe fallback point

[DEBUG] value: 3
[DEBUG] value: 5
[DEBUG] value: 8
[DEBUG] result: 16
[DEBUG] x: -1
[DEBUG] negative x
[DEBUG] x: -1


Simple class square falg
[DEBUG] result: 1
[DEBUG] x: 6
[DEBUG] x: 1


Simple class square falg
[DEBUG] result: 1
[DEBUG] x: -1


Simple class square falg
[DEBUG] result: 1
]]></system-out>
  <system-err><![CDATA[]]></system-err>
</testsuite>
