<?xml version="1.0" encoding="UTF-8" ?>
<testsuites>
  <testsuite errors="0" failures="0" hostname="Prakash-PC" id="0" name="AccountTest" package="com.example.simple" skipped="0" tests="2" time="0.596" timestamp="2016-03-23T17:27:21">
      <properties>
[...]
</properties>

      <testcase classname="com.example.simple.AccountTest" name="testAccountEquals" time="0.429" />

      <testcase classname="com.example.simple.AccountTest" name="testGetAccount_no" time="0.001" />

      <system-out><![CDATA[22:57:21,588 |-INFO in ch.qos.logback.classic.LoggerContext[default] - Could NOT find resource [logback.groovy]
22:57:21,588 |-INFO in ch.qos.logback.classic.LoggerContext[default] - Could NOT find resource [logback-test.xml]
22:57:21,589 |-INFO in ch.qos.logback.classic.LoggerContext[default] - Found resource [logback.xml] at [jar:file:/D:/cobertura-2.1.1/cobertura-2.1.1-sources.jar!/logback.xml]
22:57:21,595 |-WARN in ch.qos.logback.classic.LoggerContext[default] - Resource [logback.xml] occurs multiple times on the classpath.
22:57:21,596 |-WARN in ch.qos.logback.classic.LoggerContext[default] - Resource [logback.xml] occurs at [jar:file:/D:/cobertura-2.1.1/cobertura-2.1.1.jar!/logback.xml]
22:57:21,596 |-WARN in ch.qos.logback.classic.LoggerContext[default] - Resource [logback.xml] occurs at [jar:file:/D:/cobertura-2.1.1/cobertura-2.1.1-sources.jar!/logback.xml]
22:57:21,654 |-INFO in ch.qos.logback.core.joran.spi.ConfigurationWatchList@39fb3ab6 - URL [jar:file:/D:/cobertura-2.1.1/cobertura-2.1.1-sources.jar!/logback.xml] is not of type file
22:57:21,765 |-INFO in ch.qos.logback.classic.joran.action.ConfigurationAction - debug attribute not set
22:57:21,769 |-INFO in ch.qos.logback.core.joran.action.AppenderAction - About to instantiate appender of type [ch.qos.logback.core.ConsoleAppender]
22:57:21,787 |-INFO in ch.qos.logback.core.joran.action.AppenderAction - Naming appender as [STDOUT]
22:57:21,830 |-INFO in ch.qos.logback.core.joran.action.NestedComplexPropertyIA - Assuming default type [ch.qos.logback.classic.encoder.PatternLayoutEncoder] for [encoder] property
22:57:21,913 |-INFO in ch.qos.logback.classic.joran.action.LoggerAction - Setting level of logger [net.sourceforge.cobertura] to INFO
22:57:21,913 |-INFO in ch.qos.logback.classic.joran.action.RootLoggerAction - Setting level of ROOT logger to DEBUG
22:57:21,913 |-INFO in ch.qos.logback.core.joran.action.AppenderRefAction - Attaching appender named [STDOUT] to Logger[ROOT]
22:57:21,914 |-INFO in ch.qos.logback.classic.joran.action.ConfigurationAction - End of configuration.
22:57:21,916 |-INFO in ch.qos.logback.classic.joran.JoranConfigurator@6276ae34 - Registering current configuration as safe fallback point

Account.Account()
Account.Account()
implemented in accountTest
Account.Account()
Account.getAccount_no()
]]></system-out>

      <system-err><![CDATA[]]></system-err>

  </testsuite>
  <testsuite errors="0" failures="0" hostname="Prakash-PC" id="1" name="SimpleTest" package="com.example.simple" skipped="0" tests="4" time="0.041" timestamp="2016-03-23T17:27:24">
      <properties>
[...]
</properties>

      <testcase classname="com.example.simple.SimpleTest" name="testSum" time="0.01" />

      <testcase classname="com.example.simple.SimpleTest" name="testF" time="0.005" />

      <testcase classname="com.example.simple.SimpleTest" name="testSquare" time="0.001" />

      <testcase classname="com.example.simple.SimpleTest" name="testUpdate" time="0.001" />

      <system-out><![CDATA[22:57:23,695 |-INFO in ch.qos.logback.classic.LoggerContext[default] - Could NOT find resource [logback.groovy]
22:57:23,696 |-INFO in ch.qos.logback.classic.LoggerContext[default] - Could NOT find resource [logback-test.xml]
22:57:23,696 |-INFO in ch.qos.logback.classic.LoggerContext[default] - Found resource [logback.xml] at [jar:file:/D:/cobertura-2.1.1/cobertura-2.1.1-sources.jar!/logback.xml]
22:57:23,698 |-WARN in ch.qos.logback.classic.LoggerContext[default] - Resource [logback.xml] occurs multiple times on the classpath.
22:57:23,699 |-WARN in ch.qos.logback.classic.LoggerContext[default] - Resource [logback.xml] occurs at [jar:file:/D:/cobertura-2.1.1/cobertura-2.1.1.jar!/logback.xml]
22:57:23,699 |-WARN in ch.qos.logback.classic.LoggerContext[default] - Resource [logback.xml] occurs at [jar:file:/D:/cobertura-2.1.1/cobertura-2.1.1-sources.jar!/logback.xml]
22:57:23,734 |-INFO in ch.qos.logback.core.joran.spi.ConfigurationWatchList@3f0ee7cb - URL [jar:file:/D:/cobertura-2.1.1/cobertura-2.1.1-sources.jar!/logback.xml] is not of type file
22:57:23,834 |-INFO in ch.qos.logback.classic.joran.action.ConfigurationAction - debug attribute not set
22:57:23,861 |-INFO in ch.qos.logback.core.joran.action.AppenderAction - About to instantiate appender of type [ch.qos.logback.core.ConsoleAppender]
22:57:23,879 |-INFO in ch.qos.logback.core.joran.action.AppenderAction - Naming appender as [STDOUT]
22:57:23,923 |-INFO in ch.qos.logback.core.joran.action.NestedComplexPropertyIA - Assuming default type [ch.qos.logback.classic.encoder.PatternLayoutEncoder] for [encoder] property
22:57:24,010 |-INFO in ch.qos.logback.classic.joran.action.LoggerAction - Setting level of logger [net.sourceforge.cobertura] to INFO
22:57:24,010 |-INFO in ch.qos.logback.classic.joran.action.RootLoggerAction - Setting level of ROOT logger to DEBUG
22:57:24,010 |-INFO in ch.qos.logback.core.joran.action.AppenderRefAction - Attaching appender named [STDOUT] to Logger[ROOT]
22:57:24,011 |-INFO in ch.qos.logback.classic.joran.action.ConfigurationAction - End of configuration.
22:57:24,014 |-INFO in ch.qos.logback.classic.joran.JoranConfigurator@75bd9247 - Registering current configuration as safe fallback point

[DEBUG] value: 3
[DEBUG] value: 5
[DEBUG] value: 8
[DEBUG] result: 16
[DEBUG] x: -1
[DEBUG] negative x
[DEBUG] x: -1


Simple class square falg
[DEBUG] result: 1
[DEBUG] x: 6
[DEBUG] x: 1


Simple class square falg
[DEBUG] result: 1
[DEBUG] x: -1


Simple class square falg
[DEBUG] result: 1
]]></system-out>

      <system-err><![CDATA[]]></system-err>

  </testsuite>
  <testsuite errors="0" failures="0" hostname="Prakash-PC" id="2" name="AccountTest" package="com.simple" skipped="0" tests="2" time="0.395" timestamp="2020-07-31T19:37:00">
      <properties>
[...]
</properties>

      <testcase classname="com.simple.AccountTest" name="testGetAccount_no" time="0.039" />

      <testcase classname="com.simple.AccountTest" name="testAccountEquals" time="0.001" />

      <system-out><![CDATA[implemented in accountTest
Account.Account()
Account.getAccount_no()
Account.Account()
Account.Account()
]]></system-out>

      <system-err><![CDATA[]]></system-err>

  </testsuite>
  <testsuite errors="0" failures="4" hostname="Prakash-PC" id="3" name="SimpleTest" package="com.simple" skipped="0" tests="4" time="0.184" timestamp="2020-07-31T19:37:02">
      <properties>
[...]
</properties>

      <testcase classname="junit.framework.TestSuite$1" name="warning" time="0.006">
          <failure message="Exception in constructor: testSum (java.lang.VerifyError: Instruction type does not match stack map&#xa;Exception Details:&#xa;  Location:&#xa;    com/simple/Simple.sum(Ljava/util/Collection;)I @33: aload&#xa;  Reason:&#xa;    Type integer (current frame, locals[3]) is not assignable to &apos;java/util/Iterator&apos; (stack map, locals[3])&#xa;  Current Frame:&#xa;    bci: @33&#xa;    flags: { }&#xa;    locals: { &apos;com/simple/Simple&apos;, &apos;java/util/Collection&apos;, integer, integer, integer, &apos;java/util/Iterator&apos; }&#xa;    stack: { }&#xa;  Stackmap Frame:&#xa;    bci: @33&#xa;    flags: { }&#xa;    locals: { &apos;com/simple/Simple&apos;, &apos;java/util/Collection&apos;, integer, &apos;java/util/Iterator&apos; }&#xa;    stack: { }&#xa;  Bytecode:&#xa;    0x0000000: 033d 11ff ff3e 120f 1100 4eb8 0015 0336&#xa;    0x0000010: 0412 0f11 0050 b800 152b b900 6f01 003a&#xa;    0x0000020: 0519 05b9 0074 0100 1100 503d 1100 003e&#xa;    0x0000030: 9900 b71c 1100 50a0 0016 1d11 0000 a000&#xa;    0x0000040: 0f12 0f1c 1d04 b800 2c11 ffff 3e12 0f11&#xa;    0x0000050: 0052 b800 1519 05b9 0078 0100 c000 7ab6&#xa;    0x0000060: 007d 3606 120f 1100 54b8 0015 b200 22b9&#xa;    0x0000070: 0028 0100 1100 543d 1100 003e 9900 411c&#xa;    0x0000080: 1100 54a0 0016 1d11 0000 a000 0f12 0f1c&#xa;    0x0000090: 1d04 b800 2c11 ffff 3e12 0f11 0056 b800&#xa;    0x00000a0: 15b2 0022 bb00 2e59 b700 2f12 7fb6 0035&#xa;    0x00000b0: 1506 b600 38b6 003c b900 4002 001d 9b00&#xa;    0x00000c0: 0f12 0f1c 1d03 b800 2c11 ffff 3e12 0f11&#xa;    0x00000d0: 0059 b800 1515 0415 0660 3604 120f 1100&#xa;    0x00000e0: 5ab8 0015 a7ff 3d1d 9b00 0f12 0f1c 1d03&#xa;    0x00000f0: b800 2c11 ffff 3e12 0f11 005d b800 15b2&#xa;    0x0000100: 0022 bb00 2e59 b700 2f12 4fb6 0035 1504&#xa;    0x0000110: b600 38b6 003c b900 4002 0012 0f11 0060&#xa;    0x0000120: b800 1515 04ac                         &#xa;  Stackmap Table:&#xa;    append_frame(@33,Integer,Object[#113])&#xa;    append_frame(@213,Integer)&#xa;    chop_frame(@255,2)&#xa;&#xd;&#xa;&#x9;at com.simple.SimpleTest.&lt;init&gt;(SimpleTest.java:13)&#xd;&#xa;&#x9;at sun.reflect.NativeConstructorAccessorImpl.newInstance0(Native Method)&#xd;&#xa;&#x9;at sun.reflect.NativeConstructorAccessorImpl.newInstance(NativeConstructorAccessorImpl.java:62)&#xd;&#xa;&#x9;at sun.reflect.DelegatingConstructorAccessorImpl.newInstance(DelegatingConstructorAccessorImpl.java:45)&#xd;&#xa;&#x9;at java.lang.reflect.Constructor.newInstance(Constructor.java:423)&#xd;&#xa;&#x9;at junit.framework.TestSuite.createTest(TestSuite.java:65)&#xd;&#xa;&#x9;at junit.framework.TestSuite.addTestMethod(TestSuite.java:283)&#xd;&#xa;&#x9;at junit.framework.TestSuite.&lt;init&gt;(TestSuite.java:146)&#xd;&#xa;&#x9;at org.apache.tools.ant.taskdefs.optional.junit.JUnitTestRunner.run(JUnitTestRunner.java:504)&#xd;&#xa;&#x9;at org.apache.tools.ant.taskdefs.optional.junit.JUnitTestRunner.launch(JUnitTestRunner.java:1205)&#xd;&#xa;&#x9;at org.apache.tools.ant.taskdefs.optional.junit.JUnitTestRunner.main(JUnitTestRunner.java:1048)&#xd;&#xa;)" type="junit.framework.AssertionFailedError">junit.framework.AssertionFailedError: Exception in constructor: testSum (java.lang.VerifyError: Instruction type does not match stack map
Exception Details:
  Location:
    com/simple/Simple.sum(Ljava/util/Collection;)I @33: aload
  Reason:
    Type integer (current frame, locals[3]) is not assignable to &apos;java/util/Iterator&apos; (stack map, locals[3])
  Current Frame:
    bci: @33
    flags: { }
    locals: { &apos;com/simple/Simple&apos;, &apos;java/util/Collection&apos;, integer, integer, integer, &apos;java/util/Iterator&apos; }
    stack: { }
  Stackmap Frame:
    bci: @33
    flags: { }
    locals: { &apos;com/simple/Simple&apos;, &apos;java/util/Collection&apos;, integer, &apos;java/util/Iterator&apos; }
    stack: { }
  Bytecode:
    0x0000000: 033d 11ff ff3e 120f 1100 4eb8 0015 0336
    0x0000010: 0412 0f11 0050 b800 152b b900 6f01 003a
    0x0000020: 0519 05b9 0074 0100 1100 503d 1100 003e
    0x0000030: 9900 b71c 1100 50a0 0016 1d11 0000 a000
    0x0000040: 0f12 0f1c 1d04 b800 2c11 ffff 3e12 0f11
    0x0000050: 0052 b800 1519 05b9 0078 0100 c000 7ab6
    0x0000060: 007d 3606 120f 1100 54b8 0015 b200 22b9
    0x0000070: 0028 0100 1100 543d 1100 003e 9900 411c
    0x0000080: 1100 54a0 0016 1d11 0000 a000 0f12 0f1c
    0x0000090: 1d04 b800 2c11 ffff 3e12 0f11 0056 b800
    0x00000a0: 15b2 0022 bb00 2e59 b700 2f12 7fb6 0035
    0x00000b0: 1506 b600 38b6 003c b900 4002 001d 9b00
    0x00000c0: 0f12 0f1c 1d03 b800 2c11 ffff 3e12 0f11
    0x00000d0: 0059 b800 1515 0415 0660 3604 120f 1100
    0x00000e0: 5ab8 0015 a7ff 3d1d 9b00 0f12 0f1c 1d03
    0x00000f0: b800 2c11 ffff 3e12 0f11 005d b800 15b2
    0x0000100: 0022 bb00 2e59 b700 2f12 4fb6 0035 1504
    0x0000110: b600 38b6 003c b900 4002 0012 0f11 0060
    0x0000120: b800 1515 04ac                         
  Stackmap Table:
    append_frame(@33,Integer,Object[#113])
    append_frame(@213,Integer)
    chop_frame(@255,2)

	at com.simple.SimpleTest.&lt;init&gt;(SimpleTest.java:13)
	at java.lang.reflect.Constructor.newInstance(Constructor.java:423)
)
</failure>

      </testcase>

      <testcase classname="junit.framework.TestSuite$1" name="warning" time="0.002">
          <failure message="Exception in constructor: testUpdate (java.lang.VerifyError: Instruction type does not match stack map&#xa;Exception Details:&#xa;  Location:&#xa;    com/simple/Simple.sum(Ljava/util/Collection;)I @33: aload&#xa;  Reason:&#xa;    Type integer (current frame, locals[3]) is not assignable to &apos;java/util/Iterator&apos; (stack map, locals[3])&#xa;  Current Frame:&#xa;    bci: @33&#xa;    flags: { }&#xa;    locals: { &apos;com/simple/Simple&apos;, &apos;java/util/Collection&apos;, integer, integer, integer, &apos;java/util/Iterator&apos; }&#xa;    stack: { }&#xa;  Stackmap Frame:&#xa;    bci: @33&#xa;    flags: { }&#xa;    locals: { &apos;com/simple/Simple&apos;, &apos;java/util/Collection&apos;, integer, &apos;java/util/Iterator&apos; }&#xa;    stack: { }&#xa;  Bytecode:&#xa;    0x0000000: 033d 11ff ff3e 120f 1100 4eb8 0015 0336&#xa;    0x0000010: 0412 0f11 0050 b800 152b b900 6f01 003a&#xa;    0x0000020: 0519 05b9 0074 0100 1100 503d 1100 003e&#xa;    0x0000030: 9900 b71c 1100 50a0 0016 1d11 0000 a000&#xa;    0x0000040: 0f12 0f1c 1d04 b800 2c11 ffff 3e12 0f11&#xa;    0x0000050: 0052 b800 1519 05b9 0078 0100 c000 7ab6&#xa;    0x0000060: 007d 3606 120f 1100 54b8 0015 b200 22b9&#xa;    0x0000070: 0028 0100 1100 543d 1100 003e 9900 411c&#xa;    0x0000080: 1100 54a0 0016 1d11 0000 a000 0f12 0f1c&#xa;    0x0000090: 1d04 b800 2c11 ffff 3e12 0f11 0056 b800&#xa;    0x00000a0: 15b2 0022 bb00 2e59 b700 2f12 7fb6 0035&#xa;    0x00000b0: 1506 b600 38b6 003c b900 4002 001d 9b00&#xa;    0x00000c0: 0f12 0f1c 1d03 b800 2c11 ffff 3e12 0f11&#xa;    0x00000d0: 0059 b800 1515 0415 0660 3604 120f 1100&#xa;    0x00000e0: 5ab8 0015 a7ff 3d1d 9b00 0f12 0f1c 1d03&#xa;    0x00000f0: b800 2c11 ffff 3e12 0f11 005d b800 15b2&#xa;    0x0000100: 0022 bb00 2e59 b700 2f12 4fb6 0035 1504&#xa;    0x0000110: b600 38b6 003c b900 4002 0012 0f11 0060&#xa;    0x0000120: b800 1515 04ac                         &#xa;  Stackmap Table:&#xa;    append_frame(@33,Integer,Object[#113])&#xa;    append_frame(@213,Integer)&#xa;    chop_frame(@255,2)&#xa;&#xd;&#xa;&#x9;at com.simple.SimpleTest.&lt;init&gt;(SimpleTest.java:13)&#xd;&#xa;&#x9;at sun.reflect.NativeConstructorAccessorImpl.newInstance0(Native Method)&#xd;&#xa;&#x9;at sun.reflect.NativeConstructorAccessorImpl.newInstance(NativeConstructorAccessorImpl.java:62)&#xd;&#xa;&#x9;at sun.reflect.DelegatingConstructorAccessorImpl.newInstance(DelegatingConstructorAccessorImpl.java:45)&#xd;&#xa;&#x9;at java.lang.reflect.Constructor.newInstance(Constructor.java:423)&#xd;&#xa;&#x9;at junit.framework.TestSuite.createTest(TestSuite.java:65)&#xd;&#xa;&#x9;at junit.framework.TestSuite.addTestMethod(TestSuite.java:283)&#xd;&#xa;&#x9;at junit.framework.TestSuite.&lt;init&gt;(TestSuite.java:146)&#xd;&#xa;&#x9;at org.apache.tools.ant.taskdefs.optional.junit.JUnitTestRunner.run(JUnitTestRunner.java:504)&#xd;&#xa;&#x9;at org.apache.tools.ant.taskdefs.optional.junit.JUnitTestRunner.launch(JUnitTestRunner.java:1205)&#xd;&#xa;&#x9;at org.apache.tools.ant.taskdefs.optional.junit.JUnitTestRunner.main(JUnitTestRunner.java:1048)&#xd;&#xa;)" type="junit.framework.AssertionFailedError">junit.framework.AssertionFailedError: Exception in constructor: testUpdate (java.lang.VerifyError: Instruction type does not match stack map
Exception Details:
  Location:
    com/simple/Simple.sum(Ljava/util/Collection;)I @33: aload
  Reason:
    Type integer (current frame, locals[3]) is not assignable to &apos;java/util/Iterator&apos; (stack map, locals[3])
  Current Frame:
    bci: @33
    flags: { }
    locals: { &apos;com/simple/Simple&apos;, &apos;java/util/Collection&apos;, integer, integer, integer, &apos;java/util/Iterator&apos; }
    stack: { }
  Stackmap Frame:
    bci: @33
    flags: { }
    locals: { &apos;com/simple/Simple&apos;, &apos;java/util/Collection&apos;, integer, &apos;java/util/Iterator&apos; }
    stack: { }
  Bytecode:
    0x0000000: 033d 11ff ff3e 120f 1100 4eb8 0015 0336
    0x0000010: 0412 0f11 0050 b800 152b b900 6f01 003a
    0x0000020: 0519 05b9 0074 0100 1100 503d 1100 003e
    0x0000030: 9900 b71c 1100 50a0 0016 1d11 0000 a000
    0x0000040: 0f12 0f1c 1d04 b800 2c11 ffff 3e12 0f11
    0x0000050: 0052 b800 1519 05b9 0078 0100 c000 7ab6
    0x0000060: 007d 3606 120f 1100 54b8 0015 b200 22b9
    0x0000070: 0028 0100 1100 543d 1100 003e 9900 411c
    0x0000080: 1100 54a0 0016 1d11 0000 a000 0f12 0f1c
    0x0000090: 1d04 b800 2c11 ffff 3e12 0f11 0056 b800
    0x00000a0: 15b2 0022 bb00 2e59 b700 2f12 7fb6 0035
    0x00000b0: 1506 b600 38b6 003c b900 4002 001d 9b00
    0x00000c0: 0f12 0f1c 1d03 b800 2c11 ffff 3e12 0f11
    0x00000d0: 0059 b800 1515 0415 0660 3604 120f 1100
    0x00000e0: 5ab8 0015 a7ff 3d1d 9b00 0f12 0f1c 1d03
    0x00000f0: b800 2c11 ffff 3e12 0f11 005d b800 15b2
    0x0000100: 0022 bb00 2e59 b700 2f12 4fb6 0035 1504
    0x0000110: b600 38b6 003c b900 4002 0012 0f11 0060
    0x0000120: b800 1515 04ac                         
  Stackmap Table:
    append_frame(@33,Integer,Object[#113])
    append_frame(@213,Integer)
    chop_frame(@255,2)

	at com.simple.SimpleTest.&lt;init&gt;(SimpleTest.java:13)
	at java.lang.reflect.Constructor.newInstance(Constructor.java:423)
)
</failure>

      </testcase>

      <testcase classname="junit.framework.TestSuite$1" name="warning" time="0.001">
          <failure message="Exception in constructor: testF (java.lang.VerifyError: Instruction type does not match stack map&#xa;Exception Details:&#xa;  Location:&#xa;    com/simple/Simple.sum(Ljava/util/Collection;)I @33: aload&#xa;  Reason:&#xa;    Type integer (current frame, locals[3]) is not assignable to &apos;java/util/Iterator&apos; (stack map, locals[3])&#xa;  Current Frame:&#xa;    bci: @33&#xa;    flags: { }&#xa;    locals: { &apos;com/simple/Simple&apos;, &apos;java/util/Collection&apos;, integer, integer, integer, &apos;java/util/Iterator&apos; }&#xa;    stack: { }&#xa;  Stackmap Frame:&#xa;    bci: @33&#xa;    flags: { }&#xa;    locals: { &apos;com/simple/Simple&apos;, &apos;java/util/Collection&apos;, integer, &apos;java/util/Iterator&apos; }&#xa;    stack: { }&#xa;  Bytecode:&#xa;    0x0000000: 033d 11ff ff3e 120f 1100 4eb8 0015 0336&#xa;    0x0000010: 0412 0f11 0050 b800 152b b900 6f01 003a&#xa;    0x0000020: 0519 05b9 0074 0100 1100 503d 1100 003e&#xa;    0x0000030: 9900 b71c 1100 50a0 0016 1d11 0000 a000&#xa;    0x0000040: 0f12 0f1c 1d04 b800 2c11 ffff 3e12 0f11&#xa;    0x0000050: 0052 b800 1519 05b9 0078 0100 c000 7ab6&#xa;    0x0000060: 007d 3606 120f 1100 54b8 0015 b200 22b9&#xa;    0x0000070: 0028 0100 1100 543d 1100 003e 9900 411c&#xa;    0x0000080: 1100 54a0 0016 1d11 0000 a000 0f12 0f1c&#xa;    0x0000090: 1d04 b800 2c11 ffff 3e12 0f11 0056 b800&#xa;    0x00000a0: 15b2 0022 bb00 2e59 b700 2f12 7fb6 0035&#xa;    0x00000b0: 1506 b600 38b6 003c b900 4002 001d 9b00&#xa;    0x00000c0: 0f12 0f1c 1d03 b800 2c11 ffff 3e12 0f11&#xa;    0x00000d0: 0059 b800 1515 0415 0660 3604 120f 1100&#xa;    0x00000e0: 5ab8 0015 a7ff 3d1d 9b00 0f12 0f1c 1d03&#xa;    0x00000f0: b800 2c11 ffff 3e12 0f11 005d b800 15b2&#xa;    0x0000100: 0022 bb00 2e59 b700 2f12 4fb6 0035 1504&#xa;    0x0000110: b600 38b6 003c b900 4002 0012 0f11 0060&#xa;    0x0000120: b800 1515 04ac                         &#xa;  Stackmap Table:&#xa;    append_frame(@33,Integer,Object[#113])&#xa;    append_frame(@213,Integer)&#xa;    chop_frame(@255,2)&#xa;&#xd;&#xa;&#x9;at com.simple.SimpleTest.&lt;init&gt;(SimpleTest.java:13)&#xd;&#xa;&#x9;at sun.reflect.NativeConstructorAccessorImpl.newInstance0(Native Method)&#xd;&#xa;&#x9;at sun.reflect.NativeConstructorAccessorImpl.newInstance(NativeConstructorAccessorImpl.java:62)&#xd;&#xa;&#x9;at sun.reflect.DelegatingConstructorAccessorImpl.newInstance(DelegatingConstructorAccessorImpl.java:45)&#xd;&#xa;&#x9;at java.lang.reflect.Constructor.newInstance(Constructor.java:423)&#xd;&#xa;&#x9;at junit.framework.TestSuite.createTest(TestSuite.java:65)&#xd;&#xa;&#x9;at junit.framework.TestSuite.addTestMethod(TestSuite.java:283)&#xd;&#xa;&#x9;at junit.framework.TestSuite.&lt;init&gt;(TestSuite.java:146)&#xd;&#xa;&#x9;at org.apache.tools.ant.taskdefs.optional.junit.JUnitTestRunner.run(JUnitTestRunner.java:504)&#xd;&#xa;&#x9;at org.apache.tools.ant.taskdefs.optional.junit.JUnitTestRunner.launch(JUnitTestRunner.java:1205)&#xd;&#xa;&#x9;at org.apache.tools.ant.taskdefs.optional.junit.JUnitTestRunner.main(JUnitTestRunner.java:1048)&#xd;&#xa;)" type="junit.framework.AssertionFailedError">junit.framework.AssertionFailedError: Exception in constructor: testF (java.lang.VerifyError: Instruction type does not match stack map
Exception Details:
  Location:
    com/simple/Simple.sum(Ljava/util/Collection;)I @33: aload
  Reason:
    Type integer (current frame, locals[3]) is not assignable to &apos;java/util/Iterator&apos; (stack map, locals[3])
  Current Frame:
    bci: @33
    flags: { }
    locals: { &apos;com/simple/Simple&apos;, &apos;java/util/Collection&apos;, integer, integer, integer, &apos;java/util/Iterator&apos; }
    stack: { }
  Stackmap Frame:
    bci: @33
    flags: { }
    locals: { &apos;com/simple/Simple&apos;, &apos;java/util/Collection&apos;, integer, &apos;java/util/Iterator&apos; }
    stack: { }
  Bytecode:
    0x0000000: 033d 11ff ff3e 120f 1100 4eb8 0015 0336
    0x0000010: 0412 0f11 0050 b800 152b b900 6f01 003a
    0x0000020: 0519 05b9 0074 0100 1100 503d 1100 003e
    0x0000030: 9900 b71c 1100 50a0 0016 1d11 0000 a000
    0x0000040: 0f12 0f1c 1d04 b800 2c11 ffff 3e12 0f11
    0x0000050: 0052 b800 1519 05b9 0078 0100 c000 7ab6
    0x0000060: 007d 3606 120f 1100 54b8 0015 b200 22b9
    0x0000070: 0028 0100 1100 543d 1100 003e 9900 411c
    0x0000080: 1100 54a0 0016 1d11 0000 a000 0f12 0f1c
    0x0000090: 1d04 b800 2c11 ffff 3e12 0f11 0056 b800
    0x00000a0: 15b2 0022 bb00 2e59 b700 2f12 7fb6 0035
    0x00000b0: 1506 b600 38b6 003c b900 4002 001d 9b00
    0x00000c0: 0f12 0f1c 1d03 b800 2c11 ffff 3e12 0f11
    0x00000d0: 0059 b800 1515 0415 0660 3604 120f 1100
    0x00000e0: 5ab8 0015 a7ff 3d1d 9b00 0f12 0f1c 1d03
    0x00000f0: b800 2c11 ffff 3e12 0f11 005d b800 15b2
    0x0000100: 0022 bb00 2e59 b700 2f12 4fb6 0035 1504
    0x0000110: b600 38b6 003c b900 4002 0012 0f11 0060
    0x0000120: b800 1515 04ac                         
  Stackmap Table:
    append_frame(@33,Integer,Object[#113])
    append_frame(@213,Integer)
    chop_frame(@255,2)

	at com.simple.SimpleTest.&lt;init&gt;(SimpleTest.java:13)
	at java.lang.reflect.Constructor.newInstance(Constructor.java:423)
)
</failure>

      </testcase>

      <testcase classname="junit.framework.TestSuite$1" name="warning" time="0.001">
          <failure message="Exception in constructor: testSquare (java.lang.VerifyError: Instruction type does not match stack map&#xa;Exception Details:&#xa;  Location:&#xa;    com/simple/Simple.sum(Ljava/util/Collection;)I @33: aload&#xa;  Reason:&#xa;    Type integer (current frame, locals[3]) is not assignable to &apos;java/util/Iterator&apos; (stack map, locals[3])&#xa;  Current Frame:&#xa;    bci: @33&#xa;    flags: { }&#xa;    locals: { &apos;com/simple/Simple&apos;, &apos;java/util/Collection&apos;, integer, integer, integer, &apos;java/util/Iterator&apos; }&#xa;    stack: { }&#xa;  Stackmap Frame:&#xa;    bci: @33&#xa;    flags: { }&#xa;    locals: { &apos;com/simple/Simple&apos;, &apos;java/util/Collection&apos;, integer, &apos;java/util/Iterator&apos; }&#xa;    stack: { }&#xa;  Bytecode:&#xa;    0x0000000: 033d 11ff ff3e 120f 1100 4eb8 0015 0336&#xa;    0x0000010: 0412 0f11 0050 b800 152b b900 6f01 003a&#xa;    0x0000020: 0519 05b9 0074 0100 1100 503d 1100 003e&#xa;    0x0000030: 9900 b71c 1100 50a0 0016 1d11 0000 a000&#xa;    0x0000040: 0f12 0f1c 1d04 b800 2c11 ffff 3e12 0f11&#xa;    0x0000050: 0052 b800 1519 05b9 0078 0100 c000 7ab6&#xa;    0x0000060: 007d 3606 120f 1100 54b8 0015 b200 22b9&#xa;    0x0000070: 0028 0100 1100 543d 1100 003e 9900 411c&#xa;    0x0000080: 1100 54a0 0016 1d11 0000 a000 0f12 0f1c&#xa;    0x0000090: 1d04 b800 2c11 ffff 3e12 0f11 0056 b800&#xa;    0x00000a0: 15b2 0022 bb00 2e59 b700 2f12 7fb6 0035&#xa;    0x00000b0: 1506 b600 38b6 003c b900 4002 001d 9b00&#xa;    0x00000c0: 0f12 0f1c 1d03 b800 2c11 ffff 3e12 0f11&#xa;    0x00000d0: 0059 b800 1515 0415 0660 3604 120f 1100&#xa;    0x00000e0: 5ab8 0015 a7ff 3d1d 9b00 0f12 0f1c 1d03&#xa;    0x00000f0: b800 2c11 ffff 3e12 0f11 005d b800 15b2&#xa;    0x0000100: 0022 bb00 2e59 b700 2f12 4fb6 0035 1504&#xa;    0x0000110: b600 38b6 003c b900 4002 0012 0f11 0060&#xa;    0x0000120: b800 1515 04ac                         &#xa;  Stackmap Table:&#xa;    append_frame(@33,Integer,Object[#113])&#xa;    append_frame(@213,Integer)&#xa;    chop_frame(@255,2)&#xa;&#xd;&#xa;&#x9;at com.simple.SimpleTest.&lt;init&gt;(SimpleTest.java:13)&#xd;&#xa;&#x9;at sun.reflect.NativeConstructorAccessorImpl.newInstance0(Native Method)&#xd;&#xa;&#x9;at sun.reflect.NativeConstructorAccessorImpl.newInstance(NativeConstructorAccessorImpl.java:62)&#xd;&#xa;&#x9;at sun.reflect.DelegatingConstructorAccessorImpl.newInstance(DelegatingConstructorAccessorImpl.java:45)&#xd;&#xa;&#x9;at java.lang.reflect.Constructor.newInstance(Constructor.java:423)&#xd;&#xa;&#x9;at junit.framework.TestSuite.createTest(TestSuite.java:65)&#xd;&#xa;&#x9;at junit.framework.TestSuite.addTestMethod(TestSuite.java:283)&#xd;&#xa;&#x9;at junit.framework.TestSuite.&lt;init&gt;(TestSuite.java:146)&#xd;&#xa;&#x9;at org.apache.tools.ant.taskdefs.optional.junit.JUnitTestRunner.run(JUnitTestRunner.java:504)&#xd;&#xa;&#x9;at org.apache.tools.ant.taskdefs.optional.junit.JUnitTestRunner.launch(JUnitTestRunner.java:1205)&#xd;&#xa;&#x9;at org.apache.tools.ant.taskdefs.optional.junit.JUnitTestRunner.main(JUnitTestRunner.java:1048)&#xd;&#xa;)" type="junit.framework.AssertionFailedError">junit.framework.AssertionFailedError: Exception in constructor: testSquare (java.lang.VerifyError: Instruction type does not match stack map
Exception Details:
  Location:
    com/simple/Simple.sum(Ljava/util/Collection;)I @33: aload
  Reason:
    Type integer (current frame, locals[3]) is not assignable to &apos;java/util/Iterator&apos; (stack map, locals[3])
  Current Frame:
    bci: @33
    flags: { }
    locals: { &apos;com/simple/Simple&apos;, &apos;java/util/Collection&apos;, integer, integer, integer, &apos;java/util/Iterator&apos; }
    stack: { }
  Stackmap Frame:
    bci: @33
    flags: { }
    locals: { &apos;com/simple/Simple&apos;, &apos;java/util/Collection&apos;, integer, &apos;java/util/Iterator&apos; }
    stack: { }
  Bytecode:
    0x0000000: 033d 11ff ff3e 120f 1100 4eb8 0015 0336
    0x0000010: 0412 0f11 0050 b800 152b b900 6f01 003a
    0x0000020: 0519 05b9 0074 0100 1100 503d 1100 003e
    0x0000030: 9900 b71c 1100 50a0 0016 1d11 0000 a000
    0x0000040: 0f12 0f1c 1d04 b800 2c11 ffff 3e12 0f11
    0x0000050: 0052 b800 1519 05b9 0078 0100 c000 7ab6
    0x0000060: 007d 3606 120f 1100 54b8 0015 b200 22b9
    0x0000070: 0028 0100 1100 543d 1100 003e 9900 411c
    0x0000080: 1100 54a0 0016 1d11 0000 a000 0f12 0f1c
    0x0000090: 1d04 b800 2c11 ffff 3e12 0f11 0056 b800
    0x00000a0: 15b2 0022 bb00 2e59 b700 2f12 7fb6 0035
    0x00000b0: 1506 b600 38b6 003c b900 4002 001d 9b00
    0x00000c0: 0f12 0f1c 1d03 b800 2c11 ffff 3e12 0f11
    0x00000d0: 0059 b800 1515 0415 0660 3604 120f 1100
    0x00000e0: 5ab8 0015 a7ff 3d1d 9b00 0f12 0f1c 1d03
    0x00000f0: b800 2c11 ffff 3e12 0f11 005d b800 15b2
    0x0000100: 0022 bb00 2e59 b700 2f12 4fb6 0035 1504
    0x0000110: b600 38b6 003c b900 4002 0012 0f11 0060
    0x0000120: b800 1515 04ac                         
  Stackmap Table:
    append_frame(@33,Integer,Object[#113])
    append_frame(@213,Integer)
    chop_frame(@255,2)

	at com.simple.SimpleTest.&lt;init&gt;(SimpleTest.java:13)
	at java.lang.reflect.Constructor.newInstance(Constructor.java:423)
)
</failure>

      </testcase>

      <system-out><![CDATA[]]></system-out>

      <system-err><![CDATA[]]></system-err>

  </testsuite>
</testsuites>
