<?xml version="1.0" encoding="UTF-8" ?>
<testsuite errors="0" failures="0" hostname="Prakash-PC" name="com.simple.AccountTest" skipped="0" tests="2" time="0.395" timestamp="2020-07-31T19:37:00">
  <properties>
[...]
</properties>
  <testcase classname="com.simple.AccountTest" name="testGetAccount_no" time="0.039" />
  <testcase classname="com.simple.AccountTest" name="testAccountEquals" time="0.001" />
  <system-out><![CDATA[implemented in accountTest
Account.Account()
Account.getAccount_no()
Account.Account()
Account.Account()
]]></system-out>
  <system-err><![CDATA[]]></system-err>
</testsuite>
