<?xml version="1.0" encoding="UTF-8" ?>
<testsuite errors="0" failures="4" hostname="Prakash-PC" name="com.simple.SimpleTest" skipped="0" tests="4" time="0.184" timestamp="2020-07-31T19:37:02">
  <properties>
[...]
</properties>
  <testcase classname="junit.framework.TestSuite$1" name="warning" time="0.006">
    <failure message="Exception in constructor: testSum (java.lang.VerifyError: Instruction type does not match stack map&#xa;Exception Details:&#xa;  Location:&#xa;    com/simple/Simple.sum(Ljava/util/Collection;)I @33: aload&#xa;  Reason:&#xa;    Type integer (current frame, locals[3]) is not assignable to &apos;java/util/Iterator&apos; (stack map, locals[3])&#xa;  Current Frame:&#xa;    bci: @33&#xa;    flags: { }&#xa;    locals: { &apos;com/simple/Simple&apos;, &apos;java/util/Collection&apos;, integer, integer, integer, &apos;java/util/Iterator&apos; }&#xa;    stack: { }&#xa;  Stackmap Frame:&#xa;    bci: @33&#xa;    flags: { }&#xa;    locals: { &apos;com/simple/Simple&apos;, &apos;java/util/Collection&apos;, integer, &apos;java/util/Iterator&apos; }&#xa;    stack: { }&#xa;  Bytecode:&#xa;    0x0000000: 033d 11ff ff3e 120f 1100 4eb8 0015 0336&#xa;    0x0000010: 0412 0f11 0050 b800 152b b900 6f01 003a&#xa;    0x0000020: 0519 05b9 0074 0100 1100 503d 1100 003e&#xa;    0x0000030: 9900 b71c 1100 50a0 0016 1d11 0000 a000&#xa;    0x0000040: 0f12 0f1c 1d04 b800 2c11 ffff 3e12 0f11&#xa;    0x0000050: 0052 b800 1519 05b9 0078 0100 c000 7ab6&#xa;    0x0000060: 007d 3606 120f 1100 54b8 0015 b200 22b9&#xa;    0x0000070: 0028 0100 1100 543d 1100 003e 9900 411c&#xa;    0x0000080: 1100 54a0 0016 1d11 0000 a000 0f12 0f1c&#xa;    0x0000090: 1d04 b800 2c11 ffff 3e12 0f11 0056 b800&#xa;    0x00000a0: 15b2 0022 bb00 2e59 b700 2f12 7fb6 0035&#xa;    0x00000b0: 1506 b600 38b6 003c b900 4002 001d 9b00&#xa;    0x00000c0: 0f12 0f1c 1d03 b800 2c11 ffff 3e12 0f11&#xa;    0x00000d0: 0059 b800 1515 0415 0660 3604 120f 1100&#xa;    0x00000e0: 5ab8 0015 a7ff 3d1d 9b00 0f12 0f1c 1d03&#xa;    0x00000f0: b800 2c11 ffff 3e12 0f11 005d b800 15b2&#xa;    0x0000100: 0022 bb00 2e59 b700 2f12 4fb6 0035 1504&#xa;    0x0000110: b600 38b6 003c b900 4002 0012 0f11 0060&#xa;    0x0000120: b800 1515 04ac                         &#xa;  Stackmap Table:&#xa;    append_frame(@33,Integer,Object[#113])&#xa;    append_frame(@213,Integer)&#xa;    chop_frame(@255,2)&#xa;&#xd;&#xa;&#x9;at com.simple.SimpleTest.&lt;init&gt;(SimpleTest.java:13)&#xd;&#xa;&#x9;at sun.reflect.NativeConstructorAccessorImpl.newInstance0(Native Method)&#xd;&#xa;&#x9;at sun.reflect.NativeConstructorAccessorImpl.newInstance(NativeConstructorAccessorImpl.java:62)&#xd;&#xa;&#x9;at sun.reflect.DelegatingConstructorAccessorImpl.newInstance(DelegatingConstructorAccessorImpl.java:45)&#xd;&#xa;&#x9;at java.lang.reflect.Constructor.newInstance(Constructor.java:423)&#xd;&#xa;&#x9;at junit.framework.TestSuite.createTest(TestSuite.java:65)&#xd;&#xa;&#x9;at junit.framework.TestSuite.addTestMethod(TestSuite.java:283)&#xd;&#xa;&#x9;at junit.framework.TestSuite.&lt;init&gt;(TestSuite.java:146)&#xd;&#xa;&#x9;at org.apache.tools.ant.taskdefs.optional.junit.JUnitTestRunner.run(JUnitTestRunner.java:504)&#xd;&#xa;&#x9;at org.apache.tools.ant.taskdefs.optional.junit.JUnitTestRunner.launch(JUnitTestRunner.java:1205)&#xd;&#xa;&#x9;at org.apache.tools.ant.taskdefs.optional.junit.JUnitTestRunner.main(JUnitTestRunner.java:1048)&#xd;&#xa;)" type="junit.framework.AssertionFailedError">junit.framework.AssertionFailedError: Exception in constructor: testSum (java.lang.VerifyError: Instruction type does not match stack map
Exception Details:
  Location:
    com/simple/Simple.sum(Ljava/util/Collection;)I @33: aload
  Reason:
    Type integer (current frame, locals[3]) is not assignable to &apos;java/util/Iterator&apos; (stack map, locals[3])
  Current Frame:
    bci: @33
    flags: { }
    locals: { &apos;com/simple/Simple&apos;, &apos;java/util/Collection&apos;, integer, integer, integer, &apos;java/util/Iterator&apos; }
    stack: { }
  Stackmap Frame:
    bci: @33
    flags: { }
    locals: { &apos;com/simple/Simple&apos;, &apos;java/util/Collection&apos;, integer, &apos;java/util/Iterator&apos; }
    stack: { }
  Bytecode:
    0x0000000: 033d 11ff ff3e 120f 1100 4eb8 0015 0336
    0x0000010: 0412 0f11 0050 b800 152b b900 6f01 003a
    0x0000020: 0519 05b9 0074 0100 1100 503d 1100 003e
    0x0000030: 9900 b71c 1100 50a0 0016 1d11 0000 a000
    0x0000040: 0f12 0f1c 1d04 b800 2c11 ffff 3e12 0f11
    0x0000050: 0052 b800 1519 05b9 0078 0100 c000 7ab6
    0x0000060: 007d 3606 120f 1100 54b8 0015 b200 22b9
    0x0000070: 0028 0100 1100 543d 1100 003e 9900 411c
    0x0000080: 1100 54a0 0016 1d11 0000 a000 0f12 0f1c
    0x0000090: 1d04 b800 2c11 ffff 3e12 0f11 0056 b800
    0x00000a0: 15b2 0022 bb00 2e59 b700 2f12 7fb6 0035
    0x00000b0: 1506 b600 38b6 003c b900 4002 001d 9b00
    0x00000c0: 0f12 0f1c 1d03 b800 2c11 ffff 3e12 0f11
    0x00000d0: 0059 b800 1515 0415 0660 3604 120f 1100
    0x00000e0: 5ab8 0015 a7ff 3d1d 9b00 0f12 0f1c 1d03
    0x00000f0: b800 2c11 ffff 3e12 0f11 005d b800 15b2
    0x0000100: 0022 bb00 2e59 b700 2f12 4fb6 0035 1504
    0x0000110: b600 38b6 003c b900 4002 0012 0f11 0060
    0x0000120: b800 1515 04ac                         
  Stackmap Table:
    append_frame(@33,Integer,Object[#113])
    append_frame(@213,Integer)
    chop_frame(@255,2)

	at com.simple.SimpleTest.&lt;init&gt;(SimpleTest.java:13)
	at java.lang.reflect.Constructor.newInstance(Constructor.java:423)
)
</failure>
  </testcase>
  <testcase classname="junit.framework.TestSuite$1" name="warning" time="0.002">
    <failure message="Exception in constructor: testUpdate (java.lang.VerifyError: Instruction type does not match stack map&#xa;Exception Details:&#xa;  Location:&#xa;    com/simple/Simple.sum(Ljava/util/Collection;)I @33: aload&#xa;  Reason:&#xa;    Type integer (current frame, locals[3]) is not assignable to &apos;java/util/Iterator&apos; (stack map, locals[3])&#xa;  Current Frame:&#xa;    bci: @33&#xa;    flags: { }&#xa;    locals: { &apos;com/simple/Simple&apos;, &apos;java/util/Collection&apos;, integer, integer, integer, &apos;java/util/Iterator&apos; }&#xa;    stack: { }&#xa;  Stackmap Frame:&#xa;    bci: @33&#xa;    flags: { }&#xa;    locals: { &apos;com/simple/Simple&apos;, &apos;java/util/Collection&apos;, integer, &apos;java/util/Iterator&apos; }&#xa;    stack: { }&#xa;  Bytecode:&#xa;    0x0000000: 033d 11ff ff3e 120f 1100 4eb8 0015 0336&#xa;    0x0000010: 0412 0f11 0050 b800 152b b900 6f01 003a&#xa;    0x0000020: 0519 05b9 0074 0100 1100 503d 1100 003e&#xa;    0x0000030: 9900 b71c 1100 50a0 0016 1d11 0000 a000&#xa;    0x0000040: 0f12 0f1c 1d04 b800 2c11 ffff 3e12 0f11&#xa;    0x0000050: 0052 b800 1519 05b9 0078 0100 c000 7ab6&#xa;    0x0000060: 007d 3606 120f 1100 54b8 0015 b200 22b9&#xa;    0x0000070: 0028 0100 1100 543d 1100 003e 9900 411c&#xa;    0x0000080: 1100 54a0 0016 1d11 0000 a000 0f12 0f1c&#xa;    0x0000090: 1d04 b800 2c11 ffff 3e12 0f11 0056 b800&#xa;    0x00000a0: 15b2 0022 bb00 2e59 b700 2f12 7fb6 0035&#xa;    0x00000b0: 1506 b600 38b6 003c b900 4002 001d 9b00&#xa;    0x00000c0: 0f12 0f1c 1d03 b800 2c11 ffff 3e12 0f11&#xa;    0x00000d0: 0059 b800 1515 0415 0660 3604 120f 1100&#xa;    0x00000e0: 5ab8 0015 a7ff 3d1d 9b00 0f12 0f1c 1d03&#xa;    0x00000f0: b800 2c11 ffff 3e12 0f11 005d b800 15b2&#xa;    0x0000100: 0022 bb00 2e59 b700 2f12 4fb6 0035 1504&#xa;    0x0000110: b600 38b6 003c b900 4002 0012 0f11 0060&#xa;    0x0000120: b800 1515 04ac                         &#xa;  Stackmap Table:&#xa;    append_frame(@33,Integer,Object[#113])&#xa;    append_frame(@213,Integer)&#xa;    chop_frame(@255,2)&#xa;&#xd;&#xa;&#x9;at com.simple.SimpleTest.&lt;init&gt;(SimpleTest.java:13)&#xd;&#xa;&#x9;at sun.reflect.NativeConstructorAccessorImpl.newInstance0(Native Method)&#xd;&#xa;&#x9;at sun.reflect.NativeConstructorAccessorImpl.newInstance(NativeConstructorAccessorImpl.java:62)&#xd;&#xa;&#x9;at sun.reflect.DelegatingConstructorAccessorImpl.newInstance(DelegatingConstructorAccessorImpl.java:45)&#xd;&#xa;&#x9;at java.lang.reflect.Constructor.newInstance(Constructor.java:423)&#xd;&#xa;&#x9;at junit.framework.TestSuite.createTest(TestSuite.java:65)&#xd;&#xa;&#x9;at junit.framework.TestSuite.addTestMethod(TestSuite.java:283)&#xd;&#xa;&#x9;at junit.framework.TestSuite.&lt;init&gt;(TestSuite.java:146)&#xd;&#xa;&#x9;at org.apache.tools.ant.taskdefs.optional.junit.JUnitTestRunner.run(JUnitTestRunner.java:504)&#xd;&#xa;&#x9;at org.apache.tools.ant.taskdefs.optional.junit.JUnitTestRunner.launch(JUnitTestRunner.java:1205)&#xd;&#xa;&#x9;at org.apache.tools.ant.taskdefs.optional.junit.JUnitTestRunner.main(JUnitTestRunner.java:1048)&#xd;&#xa;)" type="junit.framework.AssertionFailedError">junit.framework.AssertionFailedError: Exception in constructor: testUpdate (java.lang.VerifyError: Instruction type does not match stack map
Exception Details:
  Location:
    com/simple/Simple.sum(Ljava/util/Collection;)I @33: aload
  Reason:
    Type integer (current frame, locals[3]) is not assignable to &apos;java/util/Iterator&apos; (stack map, locals[3])
  Current Frame:
    bci: @33
    flags: { }
    locals: { &apos;com/simple/Simple&apos;, &apos;java/util/Collection&apos;, integer, integer, integer, &apos;java/util/Iterator&apos; }
    stack: { }
  Stackmap Frame:
    bci: @33
    flags: { }
    locals: { &apos;com/simple/Simple&apos;, &apos;java/util/Collection&apos;, integer, &apos;java/util/Iterator&apos; }
    stack: { }
  Bytecode:
    0x0000000: 033d 11ff ff3e 120f 1100 4eb8 0015 0336
    0x0000010: 0412 0f11 0050 b800 152b b900 6f01 003a
    0x0000020: 0519 05b9 0074 0100 1100 503d 1100 003e
    0x0000030: 9900 b71c 1100 50a0 0016 1d11 0000 a000
    0x0000040: 0f12 0f1c 1d04 b800 2c11 ffff 3e12 0f11
    0x0000050: 0052 b800 1519 05b9 0078 0100 c000 7ab6
    0x0000060: 007d 3606 120f 1100 54b8 0015 b200 22b9
    0x0000070: 0028 0100 1100 543d 1100 003e 9900 411c
    0x0000080: 1100 54a0 0016 1d11 0000 a000 0f12 0f1c
    0x0000090: 1d04 b800 2c11 ffff 3e12 0f11 0056 b800
    0x00000a0: 15b2 0022 bb00 2e59 b700 2f12 7fb6 0035
    0x00000b0: 1506 b600 38b6 003c b900 4002 001d 9b00
    0x00000c0: 0f12 0f1c 1d03 b800 2c11 ffff 3e12 0f11
    0x00000d0: 0059 b800 1515 0415 0660 3604 120f 1100
    0x00000e0: 5ab8 0015 a7ff 3d1d 9b00 0f12 0f1c 1d03
    0x00000f0: b800 2c11 ffff 3e12 0f11 005d b800 15b2
    0x0000100: 0022 bb00 2e59 b700 2f12 4fb6 0035 1504
    0x0000110: b600 38b6 003c b900 4002 0012 0f11 0060
    0x0000120: b800 1515 04ac                         
  Stackmap Table:
    append_frame(@33,Integer,Object[#113])
    append_frame(@213,Integer)
    chop_frame(@255,2)

	at com.simple.SimpleTest.&lt;init&gt;(SimpleTest.java:13)
	at java.lang.reflect.Constructor.newInstance(Constructor.java:423)
)
</failure>
  </testcase>
  <testcase classname="junit.framework.TestSuite$1" name="warning" time="0.001">
    <failure message="Exception in constructor: testF (java.lang.VerifyError: Instruction type does not match stack map&#xa;Exception Details:&#xa;  Location:&#xa;    com/simple/Simple.sum(Ljava/util/Collection;)I @33: aload&#xa;  Reason:&#xa;    Type integer (current frame, locals[3]) is not assignable to &apos;java/util/Iterator&apos; (stack map, locals[3])&#xa;  Current Frame:&#xa;    bci: @33&#xa;    flags: { }&#xa;    locals: { &apos;com/simple/Simple&apos;, &apos;java/util/Collection&apos;, integer, integer, integer, &apos;java/util/Iterator&apos; }&#xa;    stack: { }&#xa;  Stackmap Frame:&#xa;    bci: @33&#xa;    flags: { }&#xa;    locals: { &apos;com/simple/Simple&apos;, &apos;java/util/Collection&apos;, integer, &apos;java/util/Iterator&apos; }&#xa;    stack: { }&#xa;  Bytecode:&#xa;    0x0000000: 033d 11ff ff3e 120f 1100 4eb8 0015 0336&#xa;    0x0000010: 0412 0f11 0050 b800 152b b900 6f01 003a&#xa;    0x0000020: 0519 05b9 0074 0100 1100 503d 1100 003e&#xa;    0x0000030: 9900 b71c 1100 50a0 0016 1d11 0000 a000&#xa;    0x0000040: 0f12 0f1c 1d04 b800 2c11 ffff 3e12 0f11&#xa;    0x0000050: 0052 b800 1519 05b9 0078 0100 c000 7ab6&#xa;    0x0000060: 007d 3606 120f 1100 54b8 0015 b200 22b9&#xa;    0x0000070: 0028 0100 1100 543d 1100 003e 9900 411c&#xa;    0x0000080: 1100 54a0 0016 1d11 0000 a000 0f12 0f1c&#xa;    0x0000090: 1d04 b800 2c11 ffff 3e12 0f11 0056 b800&#xa;    0x00000a0: 15b2 0022 bb00 2e59 b700 2f12 7fb6 0035&#xa;    0x00000b0: 1506 b600 38b6 003c b900 4002 001d 9b00&#xa;    0x00000c0: 0f12 0f1c 1d03 b800 2c11 ffff 3e12 0f11&#xa;    0x00000d0: 0059 b800 1515 0415 0660 3604 120f 1100&#xa;    0x00000e0: 5ab8 0015 a7ff 3d1d 9b00 0f12 0f1c 1d03&#xa;    0x00000f0: b800 2c11 ffff 3e12 0f11 005d b800 15b2&#xa;    0x0000100: 0022 bb00 2e59 b700 2f12 4fb6 0035 1504&#xa;    0x0000110: b600 38b6 003c b900 4002 0012 0f11 0060&#xa;    0x0000120: b800 1515 04ac                         &#xa;  Stackmap Table:&#xa;    append_frame(@33,Integer,Object[#113])&#xa;    append_frame(@213,Integer)&#xa;    chop_frame(@255,2)&#xa;&#xd;&#xa;&#x9;at com.simple.SimpleTest.&lt;init&gt;(SimpleTest.java:13)&#xd;&#xa;&#x9;at sun.reflect.NativeConstructorAccessorImpl.newInstance0(Native Method)&#xd;&#xa;&#x9;at sun.reflect.NativeConstructorAccessorImpl.newInstance(NativeConstructorAccessorImpl.java:62)&#xd;&#xa;&#x9;at sun.reflect.DelegatingConstructorAccessorImpl.newInstance(DelegatingConstructorAccessorImpl.java:45)&#xd;&#xa;&#x9;at java.lang.reflect.Constructor.newInstance(Constructor.java:423)&#xd;&#xa;&#x9;at junit.framework.TestSuite.createTest(TestSuite.java:65)&#xd;&#xa;&#x9;at junit.framework.TestSuite.addTestMethod(TestSuite.java:283)&#xd;&#xa;&#x9;at junit.framework.TestSuite.&lt;init&gt;(TestSuite.java:146)&#xd;&#xa;&#x9;at org.apache.tools.ant.taskdefs.optional.junit.JUnitTestRunner.run(JUnitTestRunner.java:504)&#xd;&#xa;&#x9;at org.apache.tools.ant.taskdefs.optional.junit.JUnitTestRunner.launch(JUnitTestRunner.java:1205)&#xd;&#xa;&#x9;at org.apache.tools.ant.taskdefs.optional.junit.JUnitTestRunner.main(JUnitTestRunner.java:1048)&#xd;&#xa;)" type="junit.framework.AssertionFailedError">junit.framework.AssertionFailedError: Exception in constructor: testF (java.lang.VerifyError: Instruction type does not match stack map
Exception Details:
  Location:
    com/simple/Simple.sum(Ljava/util/Collection;)I @33: aload
  Reason:
    Type integer (current frame, locals[3]) is not assignable to &apos;java/util/Iterator&apos; (stack map, locals[3])
  Current Frame:
    bci: @33
    flags: { }
    locals: { &apos;com/simple/Simple&apos;, &apos;java/util/Collection&apos;, integer, integer, integer, &apos;java/util/Iterator&apos; }
    stack: { }
  Stackmap Frame:
    bci: @33
    flags: { }
    locals: { &apos;com/simple/Simple&apos;, &apos;java/util/Collection&apos;, integer, &apos;java/util/Iterator&apos; }
    stack: { }
  Bytecode:
    0x0000000: 033d 11ff ff3e 120f 1100 4eb8 0015 0336
    0x0000010: 0412 0f11 0050 b800 152b b900 6f01 003a
    0x0000020: 0519 05b9 0074 0100 1100 503d 1100 003e
    0x0000030: 9900 b71c 1100 50a0 0016 1d11 0000 a000
    0x0000040: 0f12 0f1c 1d04 b800 2c11 ffff 3e12 0f11
    0x0000050: 0052 b800 1519 05b9 0078 0100 c000 7ab6
    0x0000060: 007d 3606 120f 1100 54b8 0015 b200 22b9
    0x0000070: 0028 0100 1100 543d 1100 003e 9900 411c
    0x0000080: 1100 54a0 0016 1d11 0000 a000 0f12 0f1c
    0x0000090: 1d04 b800 2c11 ffff 3e12 0f11 0056 b800
    0x00000a0: 15b2 0022 bb00 2e59 b700 2f12 7fb6 0035
    0x00000b0: 1506 b600 38b6 003c b900 4002 001d 9b00
    0x00000c0: 0f12 0f1c 1d03 b800 2c11 ffff 3e12 0f11
    0x00000d0: 0059 b800 1515 0415 0660 3604 120f 1100
    0x00000e0: 5ab8 0015 a7ff 3d1d 9b00 0f12 0f1c 1d03
    0x00000f0: b800 2c11 ffff 3e12 0f11 005d b800 15b2
    0x0000100: 0022 bb00 2e59 b700 2f12 4fb6 0035 1504
    0x0000110: b600 38b6 003c b900 4002 0012 0f11 0060
    0x0000120: b800 1515 04ac                         
  Stackmap Table:
    append_frame(@33,Integer,Object[#113])
    append_frame(@213,Integer)
    chop_frame(@255,2)

	at com.simple.SimpleTest.&lt;init&gt;(SimpleTest.java:13)
	at java.lang.reflect.Constructor.newInstance(Constructor.java:423)
)
</failure>
  </testcase>
  <testcase classname="junit.framework.TestSuite$1" name="warning" time="0.001">
    <failure message="Exception in constructor: testSquare (java.lang.VerifyError: Instruction type does not match stack map&#xa;Exception Details:&#xa;  Location:&#xa;    com/simple/Simple.sum(Ljava/util/Collection;)I @33: aload&#xa;  Reason:&#xa;    Type integer (current frame, locals[3]) is not assignable to &apos;java/util/Iterator&apos; (stack map, locals[3])&#xa;  Current Frame:&#xa;    bci: @33&#xa;    flags: { }&#xa;    locals: { &apos;com/simple/Simple&apos;, &apos;java/util/Collection&apos;, integer, integer, integer, &apos;java/util/Iterator&apos; }&#xa;    stack: { }&#xa;  Stackmap Frame:&#xa;    bci: @33&#xa;    flags: { }&#xa;    locals: { &apos;com/simple/Simple&apos;, &apos;java/util/Collection&apos;, integer, &apos;java/util/Iterator&apos; }&#xa;    stack: { }&#xa;  Bytecode:&#xa;    0x0000000: 033d 11ff ff3e 120f 1100 4eb8 0015 0336&#xa;    0x0000010: 0412 0f11 0050 b800 152b b900 6f01 003a&#xa;    0x0000020: 0519 05b9 0074 0100 1100 503d 1100 003e&#xa;    0x0000030: 9900 b71c 1100 50a0 0016 1d11 0000 a000&#xa;    0x0000040: 0f12 0f1c 1d04 b800 2c11 ffff 3e12 0f11&#xa;    0x0000050: 0052 b800 1519 05b9 0078 0100 c000 7ab6&#xa;    0x0000060: 007d 3606 120f 1100 54b8 0015 b200 22b9&#xa;    0x0000070: 0028 0100 1100 543d 1100 003e 9900 411c&#xa;    0x0000080: 1100 54a0 0016 1d11 0000 a000 0f12 0f1c&#xa;    0x0000090: 1d04 b800 2c11 ffff 3e12 0f11 0056 b800&#xa;    0x00000a0: 15b2 0022 bb00 2e59 b700 2f12 7fb6 0035&#xa;    0x00000b0: 1506 b600 38b6 003c b900 4002 001d 9b00&#xa;    0x00000c0: 0f12 0f1c 1d03 b800 2c11 ffff 3e12 0f11&#xa;    0x00000d0: 0059 b800 1515 0415 0660 3604 120f 1100&#xa;    0x00000e0: 5ab8 0015 a7ff 3d1d 9b00 0f12 0f1c 1d03&#xa;    0x00000f0: b800 2c11 ffff 3e12 0f11 005d b800 15b2&#xa;    0x0000100: 0022 bb00 2e59 b700 2f12 4fb6 0035 1504&#xa;    0x0000110: b600 38b6 003c b900 4002 0012 0f11 0060&#xa;    0x0000120: b800 1515 04ac                         &#xa;  Stackmap Table:&#xa;    append_frame(@33,Integer,Object[#113])&#xa;    append_frame(@213,Integer)&#xa;    chop_frame(@255,2)&#xa;&#xd;&#xa;&#x9;at com.simple.SimpleTest.&lt;init&gt;(SimpleTest.java:13)&#xd;&#xa;&#x9;at sun.reflect.NativeConstructorAccessorImpl.newInstance0(Native Method)&#xd;&#xa;&#x9;at sun.reflect.NativeConstructorAccessorImpl.newInstance(NativeConstructorAccessorImpl.java:62)&#xd;&#xa;&#x9;at sun.reflect.DelegatingConstructorAccessorImpl.newInstance(DelegatingConstructorAccessorImpl.java:45)&#xd;&#xa;&#x9;at java.lang.reflect.Constructor.newInstance(Constructor.java:423)&#xd;&#xa;&#x9;at junit.framework.TestSuite.createTest(TestSuite.java:65)&#xd;&#xa;&#x9;at junit.framework.TestSuite.addTestMethod(TestSuite.java:283)&#xd;&#xa;&#x9;at junit.framework.TestSuite.&lt;init&gt;(TestSuite.java:146)&#xd;&#xa;&#x9;at org.apache.tools.ant.taskdefs.optional.junit.JUnitTestRunner.run(JUnitTestRunner.java:504)&#xd;&#xa;&#x9;at org.apache.tools.ant.taskdefs.optional.junit.JUnitTestRunner.launch(JUnitTestRunner.java:1205)&#xd;&#xa;&#x9;at org.apache.tools.ant.taskdefs.optional.junit.JUnitTestRunner.main(JUnitTestRunner.java:1048)&#xd;&#xa;)" type="junit.framework.AssertionFailedError">junit.framework.AssertionFailedError: Exception in constructor: testSquare (java.lang.VerifyError: Instruction type does not match stack map
Exception Details:
  Location:
    com/simple/Simple.sum(Ljava/util/Collection;)I @33: aload
  Reason:
    Type integer (current frame, locals[3]) is not assignable to &apos;java/util/Iterator&apos; (stack map, locals[3])
  Current Frame:
    bci: @33
    flags: { }
    locals: { &apos;com/simple/Simple&apos;, &apos;java/util/Collection&apos;, integer, integer, integer, &apos;java/util/Iterator&apos; }
    stack: { }
  Stackmap Frame:
    bci: @33
    flags: { }
    locals: { &apos;com/simple/Simple&apos;, &apos;java/util/Collection&apos;, integer, &apos;java/util/Iterator&apos; }
    stack: { }
  Bytecode:
    0x0000000: 033d 11ff ff3e 120f 1100 4eb8 0015 0336
    0x0000010: 0412 0f11 0050 b800 152b b900 6f01 003a
    0x0000020: 0519 05b9 0074 0100 1100 503d 1100 003e
    0x0000030: 9900 b71c 1100 50a0 0016 1d11 0000 a000
    0x0000040: 0f12 0f1c 1d04 b800 2c11 ffff 3e12 0f11
    0x0000050: 0052 b800 1519 05b9 0078 0100 c000 7ab6
    0x0000060: 007d 3606 120f 1100 54b8 0015 b200 22b9
    0x0000070: 0028 0100 1100 543d 1100 003e 9900 411c
    0x0000080: 1100 54a0 0016 1d11 0000 a000 0f12 0f1c
    0x0000090: 1d04 b800 2c11 ffff 3e12 0f11 0056 b800
    0x00000a0: 15b2 0022 bb00 2e59 b700 2f12 7fb6 0035
    0x00000b0: 1506 b600 38b6 003c b900 4002 001d 9b00
    0x00000c0: 0f12 0f1c 1d03 b800 2c11 ffff 3e12 0f11
    0x00000d0: 0059 b800 1515 0415 0660 3604 120f 1100
    0x00000e0: 5ab8 0015 a7ff 3d1d 9b00 0f12 0f1c 1d03
    0x00000f0: b800 2c11 ffff 3e12 0f11 005d b800 15b2
    0x0000100: 0022 bb00 2e59 b700 2f12 4fb6 0035 1504
    0x0000110: b600 38b6 003c b900 4002 0012 0f11 0060
    0x0000120: b800 1515 04ac                         
  Stackmap Table:
    append_frame(@33,Integer,Object[#113])
    append_frame(@213,Integer)
    chop_frame(@255,2)

	at com.simple.SimpleTest.&lt;init&gt;(SimpleTest.java:13)
	at java.lang.reflect.Constructor.newInstance(Constructor.java:423)
)
</failure>
  </testcase>
  <system-out><![CDATA[]]></system-out>
  <system-err><![CDATA[]]></system-err>
</testsuite>
