<?xml version="1.0" encoding="UTF-8" ?>
<testsuite errors="0" failures="0" hostname="Prakash-PC" name="test.integration.AcceptanceTest_LoginApp" skipped="0" tests="8" time="3.417" timestamp="2018-03-07T10:07:06">
  <properties>
[...]
</properties>
  <testcase classname="test.integration.AcceptanceTest_LoginApp" name="checkLoginError" time="2.606" />
  <testcase classname="test.integration.AcceptanceTest_LoginApp" name="verifyLoginPageMessage" time="0.047" />
  <testcase classname="test.integration.AcceptanceTest_LoginApp" name="verifyLoginPageForm" time="0.078" />
  <testcase classname="test.integration.AcceptanceTest_LoginApp" name="verifyLoginPageFormByName" time="0.047" />
  <testcase classname="test.integration.AcceptanceTest_LoginApp" name="verifyLoginPageTitle" time="0.062" />
  <testcase classname="test.integration.AcceptanceTest_LoginApp" name="verifyLoginFormID" time="0.047" />
  <testcase classname="test.integration.AcceptanceTest_LoginApp" name="checkLoginFormAction" time="0.249" />
  <testcase classname="test.integration.AcceptanceTest_LoginApp" name="checkLoginSuccessAction" time="0.078" />
  <system-out><![CDATA[]]></system-out>
  <system-err><![CDATA[]]></system-err>
</testsuite>
